<?xml version="1.0" encoding="UTF-8"?>
<!-- Generated by org.testng.reporters.JUnitXMLReporter -->
<testsuite ignored="3" hostname="AlertFire" failures="0" tests="2" name="CartFunctionality" time="5.217" errors="0" timestamp="2025-07-09T17:19:46 IST">
  <testcase classname="demo.kc.selenium_demo_sauce.CartFunctionality" name="AddAllProducts" time="0.975"/>
  <testcase classname="demo.kc.selenium_demo_sauce.CartFunctionality" name="RemovePdt" time="0.959"/>
  <testcase classname="demo.kc.selenium_demo_sauce.LoginFunctionality" name="ValidLogin" time="0.0">
    <ignored/>
  </testcase> <!-- ValidLogin -->
  <testcase classname="demo.kc.selenium_demo_sauce.LoginFunctionality" name="LogOut" time="0.0">
    <ignored/>
  </testcase> <!-- LogOut -->
  <testcase classname="demo.kc.selenium_demo_sauce.LoginFunctionality" name="InvalidLogin" time="0.0">
    <ignored/>
  </testcase> <!-- InvalidLogin -->
</testsuite> <!-- CartFunctionality -->
