<?xml version="1.0" encoding="UTF-8"?>
<!-- Generated by org.testng.reporters.JUnitXMLReporter -->
<testsuite ignored="0" hostname="AlertFire" failures="0" tests="3" name="login" time="7.194" errors="0" timestamp="2025-07-09T17:19:41 IST">
  <testcase classname="demo.kc.selenium_demo_sauce.LoginFunctionality" name="ValidLogin" time="0.564"/>
  <testcase classname="demo.kc.selenium_demo_sauce.LoginFunctionality" name="InvalidLogin" time="1.073"/>
  <testcase classname="demo.kc.selenium_demo_sauce.LoginFunctionality" name="LogOut" time="0.811"/>
</testsuite> <!-- login -->
