<?xml version="1.0" encoding="UTF-8"?>
<testng-results ignored="0" total="1" passed="1" failed="0" skipped="0">
  <reporter-output>
  </reporter-output>
  <suite started-at="2025-07-16T16:44:45 IST" name="Default suite" finished-at="2025-07-16T16:44:52 IST" duration-ms="6711">
    <groups>
    </groups>
    <test started-at="2025-07-16T16:44:45 IST" name="Default test" finished-at="2025-07-16T16:44:52 IST" duration-ms="6711">
      <class name="demo.qa.UIElementTests">
        <test-method is-config="true" signature="BrowserSetup()[pri:0, instance:demo.qa.UIElementTests@4c583ecf]" started-at="2025-07-16T16:44:45 IST" name="BrowserSetup" finished-at="2025-07-16T16:44:51 IST" duration-ms="6180" status="PASS">
          <reporter-output>
          </reporter-output>
        </test-method> <!-- BrowserSetup -->
        <test-method signature="CheckboxPractice()[pri:0, instance:demo.qa.UIElementTests@4c583ecf]" started-at="2025-07-16T16:44:51 IST" name="CheckboxPractice" finished-at="2025-07-16T16:44:52 IST" duration-ms="460" status="PASS">
          <reporter-output>
          </reporter-output>
        </test-method> <!-- CheckboxPractice -->
      </class> <!-- demo.qa.UIElementTests -->
    </test> <!-- Default test -->
  </suite> <!-- Default suite -->
</testng-results>
