<?xml version="1.0" encoding="UTF-8"?>
<testng-results ignored="0" total="1" passed="1" failed="0" skipped="0">
  <reporter-output>
  </reporter-output>
  <suite started-at="2025-07-21T18:37:36 IST" name="Default suite" finished-at="2025-07-21T18:37:52 IST" duration-ms="15948">
    <groups>
    </groups>
    <test started-at="2025-07-21T18:37:36 IST" name="Default test" finished-at="2025-07-21T18:37:52 IST" duration-ms="15948">
      <class name="demo.qa.AlertFrameWindow">
        <test-method is-config="true" signature="BrowserSetup()[pri:0, instance:demo.qa.AlertFrameWindow@3270d194]" started-at="2025-07-21T18:37:36 IST" name="BrowserSetup" finished-at="2025-07-21T18:37:51 IST" duration-ms="14555" status="PASS">
          <reporter-output>
          </reporter-output>
        </test-method> <!-- BrowserSetup -->
        <test-method signature="NestedFrames()[pri:0, instance:demo.qa.AlertFrameWindow@3270d194]" started-at="2025-07-21T18:37:51 IST" name="NestedFrames" finished-at="2025-07-21T18:37:52 IST" duration-ms="1338" status="PASS">
          <reporter-output>
          </reporter-output>
        </test-method> <!-- NestedFrames -->
      </class> <!-- demo.qa.AlertFrameWindow -->
    </test> <!-- Default test -->
  </suite> <!-- Default suite -->
</testng-results>
