<?xml version="1.0" encoding="UTF-8"?>
<!-- Generated by org.testng.reporters.JUnitXMLReporter -->
<testsuite ignored="2" hostname="AlertFire" failures="0" tests="1" name="Default test" time="15.948" errors="0" timestamp="2025-07-21T18:37:52 IST">
  <testcase classname="demo.qa.AlertFrameWindow" name="NestedFrames" time="1.338"/>
  <testcase classname="demo.qa.AlertFrameWindow" name="Frames" time="0.0">
    <ignored/>
  </testcase> <!-- Frames -->
  <testcase classname="demo.qa.AlertFrameWindow" name="Alert" time="0.0">
    <ignored/>
  </testcase> <!-- Alert -->
</testsuite> <!-- Default test -->
