<?xml version="1.0" encoding="UTF-8"?>
<!-- Generated by org.testng.reporters.JUnitXMLReporter -->
<testsuite ignored="3" hostname="AlertFire" failures="0" tests="1" name="Default test" time="3.926" errors="0" timestamp="2025-07-09T18:23:48 IST">
  <testcase classname="demo.kc.selenium_demo_sauce.Checkout" name="checkout" time="1.042"/>
  <testcase classname="demo.kc.selenium_demo_sauce.LoginFunctionality" name="LogOut" time="0.0">
    <ignored/>
  </testcase> <!-- LogOut -->
  <testcase classname="demo.kc.selenium_demo_sauce.LoginFunctionality" name="ValidLogin" time="0.0">
    <ignored/>
  </testcase> <!-- ValidLogin -->
  <testcase classname="demo.kc.selenium_demo_sauce.LoginFunctionality" name="InvalidLogin" time="0.0">
    <ignored/>
  </testcase> <!-- InvalidLogin -->
</testsuite> <!-- Default test -->
