<?xml version="1.0" encoding="UTF-8"?>
<testng-results ignored="0" total="1" passed="1" failed="0" skipped="0">
  <reporter-output>
  </reporter-output>
  <suite started-at="2025-07-15T18:04:21 IST" name="Default suite" finished-at="2025-07-15T18:04:22 IST" duration-ms="690">
    <groups>
    </groups>
    <test started-at="2025-07-15T18:04:21 IST" name="Default test" finished-at="2025-07-15T18:04:22 IST" duration-ms="690">
      <class name="orangeHRM.LoginPage">
        <test-method signature="Login()[pri:0, instance:orangeHRM.LoginPage@75437611]" started-at="2025-07-15T18:04:21 IST" name="Login" finished-at="2025-07-15T18:04:22 IST" duration-ms="645" status="PASS">
          <reporter-output>
          </reporter-output>
        </test-method> <!-- Login -->
      </class> <!-- orangeHRM.LoginPage -->
    </test> <!-- Default test -->
  </suite> <!-- Default suite -->
</testng-results>
