<?xml version="1.0" encoding="UTF-8"?>
<testng-results ignored="0" total="1" passed="1" failed="0" skipped="0">
  <reporter-output>
  </reporter-output>
  <suite started-at="2025-07-04T17:30:39 IST" name="RegressionSuite" finished-at="2025-07-04T17:30:47 IST" duration-ms="8026">
    <groups>
    </groups>
    <test started-at="2025-07-04T17:30:39 IST" name="Login Tests" finished-at="2025-07-04T17:30:47 IST" duration-ms="8026">
      <class name="orangeHRM.LoginPage">
        <test-method signature="Login()[pri:0, instance:orangeHRM.LoginPage@74d1dc36]" started-at="2025-07-04T17:30:39 IST" name="Login" finished-at="2025-07-04T17:30:47 IST" duration-ms="7985" status="PASS">
          <reporter-output>
          </reporter-output>
        </test-method> <!-- Login -->
      </class> <!-- orangeHRM.LoginPage -->
    </test> <!-- Login Tests -->
  </suite> <!-- RegressionSuite -->
</testng-results>
